  GameScreen.cpp
C:\Users\alear\source\repos\GeneticKingdom\Genetic_Kingdom\GameScreen.cpp(36,15): warning C4244: 'argumento': conversión de 'time_t' a 'unsigned int'; posible pérdida de datos
C:\Users\alear\source\repos\GeneticKingdom\Genetic_Kingdom\GameScreen.cpp(171,66): warning C4244: 'argumento': conversión de 'int' a 'T'; posible pérdida de datos
C:\Users\alear\source\repos\GeneticKingdom\Genetic_Kingdom\GameScreen.cpp(171,66): warning C4244:         with
C:\Users\alear\source\repos\GeneticKingdom\Genetic_Kingdom\GameScreen.cpp(171,66): warning C4244:         [
C:\Users\alear\source\repos\GeneticKingdom\Genetic_Kingdom\GameScreen.cpp(171,66): warning C4244:             T=float
C:\Users\alear\source\repos\GeneticKingdom\Genetic_Kingdom\GameScreen.cpp(171,66): warning C4244:         ]
C:\Users\alear\source\repos\GeneticKingdom\Genetic_Kingdom\GameScreen.cpp(171,58): warning C4244: 'argumento': conversión de 'int' a 'T'; posible pérdida de datos
C:\Users\alear\source\repos\GeneticKingdom\Genetic_Kingdom\GameScreen.cpp(171,58): warning C4244:         with
C:\Users\alear\source\repos\GeneticKingdom\Genetic_Kingdom\GameScreen.cpp(171,58): warning C4244:         [
C:\Users\alear\source\repos\GeneticKingdom\Genetic_Kingdom\GameScreen.cpp(171,58): warning C4244:             T=float
C:\Users\alear\source\repos\GeneticKingdom\Genetic_Kingdom\GameScreen.cpp(171,58): warning C4244:         ]
C:\Users\alear\source\repos\GeneticKingdom\Genetic_Kingdom\GameScreen.cpp(176,66): warning C4244: 'argumento': conversión de 'int' a 'T'; posible pérdida de datos
C:\Users\alear\source\repos\GeneticKingdom\Genetic_Kingdom\GameScreen.cpp(176,66): warning C4244:         with
C:\Users\alear\source\repos\GeneticKingdom\Genetic_Kingdom\GameScreen.cpp(176,66): warning C4244:         [
C:\Users\alear\source\repos\GeneticKingdom\Genetic_Kingdom\GameScreen.cpp(176,66): warning C4244:             T=float
C:\Users\alear\source\repos\GeneticKingdom\Genetic_Kingdom\GameScreen.cpp(176,66): warning C4244:         ]
C:\Users\alear\source\repos\GeneticKingdom\Genetic_Kingdom\GameScreen.cpp(176,58): warning C4244: 'argumento': conversión de 'int' a 'T'; posible pérdida de datos
C:\Users\alear\source\repos\GeneticKingdom\Genetic_Kingdom\GameScreen.cpp(176,58): warning C4244:         with
C:\Users\alear\source\repos\GeneticKingdom\Genetic_Kingdom\GameScreen.cpp(176,58): warning C4244:         [
C:\Users\alear\source\repos\GeneticKingdom\Genetic_Kingdom\GameScreen.cpp(176,58): warning C4244:             T=float
C:\Users\alear\source\repos\GeneticKingdom\Genetic_Kingdom\GameScreen.cpp(176,58): warning C4244:         ]
C:\Users\alear\source\repos\GeneticKingdom\Genetic_Kingdom\GameScreen.cpp(181,67): warning C4244: 'argumento': conversión de 'int' a 'T'; posible pérdida de datos
C:\Users\alear\source\repos\GeneticKingdom\Genetic_Kingdom\GameScreen.cpp(181,67): warning C4244:         with
C:\Users\alear\source\repos\GeneticKingdom\Genetic_Kingdom\GameScreen.cpp(181,67): warning C4244:         [
C:\Users\alear\source\repos\GeneticKingdom\Genetic_Kingdom\GameScreen.cpp(181,67): warning C4244:             T=float
C:\Users\alear\source\repos\GeneticKingdom\Genetic_Kingdom\GameScreen.cpp(181,67): warning C4244:         ]
C:\Users\alear\source\repos\GeneticKingdom\Genetic_Kingdom\GameScreen.cpp(181,59): warning C4244: 'argumento': conversión de 'int' a 'T'; posible pérdida de datos
C:\Users\alear\source\repos\GeneticKingdom\Genetic_Kingdom\GameScreen.cpp(181,59): warning C4244:         with
C:\Users\alear\source\repos\GeneticKingdom\Genetic_Kingdom\GameScreen.cpp(181,59): warning C4244:         [
C:\Users\alear\source\repos\GeneticKingdom\Genetic_Kingdom\GameScreen.cpp(181,59): warning C4244:             T=float
C:\Users\alear\source\repos\GeneticKingdom\Genetic_Kingdom\GameScreen.cpp(181,59): warning C4244:         ]
C:\Users\alear\source\repos\GeneticKingdom\Genetic_Kingdom\GameScreen.cpp(344,29): warning C4244: 'inicializando': conversión de 'int' a 'float'; posible pérdida de datos
C:\Users\alear\source\repos\GeneticKingdom\Genetic_Kingdom\GameScreen.cpp(345,29): warning C4244: 'inicializando': conversión de 'int' a 'float'; posible pérdida de datos
C:\Users\alear\source\repos\GeneticKingdom\Genetic_Kingdom\GameScreen.cpp(380,25): warning C4244: 'inicializando': conversión de 'int' a 'float'; posible pérdida de datos
C:\Users\alear\source\repos\GeneticKingdom\Genetic_Kingdom\GameScreen.cpp(381,25): warning C4244: 'inicializando': conversión de 'int' a 'float'; posible pérdida de datos
  HighTower.cpp
  LowTower.cpp
  MidTower.cpp
  Tower.cpp
C:\Users\alear\source\repos\GeneticKingdom\Genetic_Kingdom\Tower.cpp(44,21): warning C4244: 'inicializando': conversión de 'float' a 'int'; posible pérdida de datos
C:\Users\alear\source\repos\GeneticKingdom\Genetic_Kingdom\Tower.cpp(45,25): warning C4244: 'inicializando': conversión de 'float' a 'int'; posible pérdida de datos
C:\Users\alear\source\repos\GeneticKingdom\Genetic_Kingdom\Tower.cpp(50,34): warning C4244: 'inicializando': conversión de 'int' a 'float'; posible pérdida de datos
C:\Users\alear\source\repos\GeneticKingdom\Genetic_Kingdom\Tower.cpp(51,34): warning C4244: 'inicializando': conversión de 'int' a 'float'; posible pérdida de datos
C:\Users\alear\source\repos\GeneticKingdom\Genetic_Kingdom\Tower.cpp(64,21): warning C4244: 'inicializando': conversión de 'float' a 'int'; posible pérdida de datos
C:\Users\alear\source\repos\GeneticKingdom\Genetic_Kingdom\Tower.cpp(65,25): warning C4244: 'inicializando': conversión de 'float' a 'int'; posible pérdida de datos
C:\Users\alear\source\repos\GeneticKingdom\Genetic_Kingdom\Tower.cpp(70,34): warning C4244: 'inicializando': conversión de 'int' a 'float'; posible pérdida de datos
C:\Users\alear\source\repos\GeneticKingdom\Genetic_Kingdom\Tower.cpp(71,34): warning C4244: 'inicializando': conversión de 'int' a 'float'; posible pérdida de datos
C:\Program Files\Microsoft Visual Studio\2022\Community\VC\Tools\MSVC\14.42.34433\include\xmemory(700,103): warning C4244: 'argumento': conversión de '_Ty' a 'float'; posible pérdida de datos
C:\Program Files\Microsoft Visual Studio\2022\Community\VC\Tools\MSVC\14.42.34433\include\xmemory(700,103): warning C4244:         with
C:\Program Files\Microsoft Visual Studio\2022\Community\VC\Tools\MSVC\14.42.34433\include\xmemory(700,103): warning C4244:         [
C:\Program Files\Microsoft Visual Studio\2022\Community\VC\Tools\MSVC\14.42.34433\include\xmemory(700,103): warning C4244:             _Ty=int
C:\Program Files\Microsoft Visual Studio\2022\Community\VC\Tools\MSVC\14.42.34433\include\xmemory(700,103): warning C4244:         ]
  (compilando archivo de origen "Tower.cpp")
      C:\Program Files\Microsoft Visual Studio\2022\Community\VC\Tools\MSVC\14.42.34433\include\xmemory(700,103):
      el contexto de creación de instancias de la plantilla (el más antiguo primero) es
          C:\Users\alear\source\repos\GeneticKingdom\Genetic_Kingdom\Tower.cpp(57,33):
          Vea la referencia a la creación de una instancia de la función plantilla "Projectile &std::vector<Projectile,std::allocator<Projectile>>::emplace_back<sf::Vector2f&,sf::Vector2f&,int&,int&,DamageType,int>(sf::Vector2f &,sf::Vector2f &,int &,int &,DamageType &&,int &&)" que se está compilando
          C:\Program Files\Microsoft Visual Studio\2022\Community\VC\Tools\MSVC\14.42.34433\include\vector(858,24):
          Vea la referencia a la creación de una instancia de la función plantilla "_Ty &std::vector<_Ty,std::allocator<_Ty>>::_Emplace_one_at_back<sf::Vector2f&,sf::Vector2f&,int&,int&,DamageType,int>(sf::Vector2f &,sf::Vector2f &,int &,int &,DamageType &&,int &&)" que se está compilando
          with
          [
              _Ty=Projectile
          ]
          C:\Program Files\Microsoft Visual Studio\2022\Community\VC\Tools\MSVC\14.42.34433\include\vector(776,20):
          Vea la referencia a la creación de una instancia de la función plantilla "_Ty &std::vector<_Ty,std::allocator<_Ty>>::_Emplace_back_with_unused_capacity<sf::Vector2f&,sf::Vector2f&,int&,int&,DamageType,int>(sf::Vector2f &,sf::Vector2f &,int &,int &,DamageType &&,int &&)" que se está compilando
          with
          [
              _Ty=Projectile
          ]
          C:\Program Files\Microsoft Visual Studio\2022\Community\VC\Tools\MSVC\14.42.34433\include\vector(794,27):
          Vea la referencia a la creación de una instancia de la función plantilla "void std::_Default_allocator_traits<_Alloc>::construct<_Ty,sf::Vector2f&,sf::Vector2f&,int&,int&,DamageType,int>(_Alloc &,_Objty *const ,sf::Vector2f &,sf::Vector2f &,int &,int &,DamageType &&,int &&)" que se está compilando
          with
          [
              _Alloc=std::allocator<Projectile>,
              _Ty=Projectile,
              _Objty=Projectile
          ]
  
  Generando código...
  Genetic_Kingdom.vcxproj -> C:\Users\alear\source\repos\GeneticKingdom\Genetic_Kingdom\x64\Debug\Genetic_Kingdom.exe
